2024-10-24 21:55:00
Check the RPFs mapping condition.

Step1: Checking the input Arguments.

transcript  :  /mnt/t64/database/sce/ncbi/norm/sce.norm.txt
bam         :  /mnt/t64/rensc/serp/GSE67387/ribo/star2/SRR1944919Aligned.toTranscriptome.out.bam
output      :  elp6d_ribo_YPD2
thread      :  16
tag         :  0
align       :  star
reverse     :  False
longest     :  False
saturation  :  True
Step2: Import the transcripts annotation.

Step3: Import the bam file.

import file: /mnt/t64/rensc/serp/GSE67387/ribo/star2/SRR1944919Aligned.toTranscriptome.out.bam.

index file: /mnt/t64/rensc/serp/GSE67387/ribo/star2/SRR1944919Aligned.toTranscriptome.out.bam.bai doesn't exist, create the index file.

Step4: Sort and index the bam file.

Step5: Detect the type of sequence profile.

elp6d_ribo_YPD2.temp.sorted.bam is detected to be monosome-seq.

Step6: Summary the length distribution of reads aligned to mRNA.

Step7: Check the RPFs saturation.

/home/rensc/software/riboParser/scripts/foo/Quality.py:643: UserWarning: set_ticklabels() should only be used with a fixed number of ticks, i.e. after set_ticks() or using a FixedLocator.
  ax1.set_xticklabels(self.x_ticks, rotation=90)
/home/rensc/software/riboParser/scripts/foo/Quality.py:649: UserWarning: set_ticklabels() should only be used with a fixed number of ticks, i.e. after set_ticks() or using a FixedLocator.
  ax2.set_xticklabels(self.x_ticks, rotation=90)
/home/rensc/software/riboParser/scripts/foo/Quality.py:655: UserWarning: set_ticklabels() should only be used with a fixed number of ticks, i.e. after set_ticks() or using a FixedLocator.
  ax3.set_xticklabels(self.x_ticks, rotation=90)
/home/rensc/software/riboParser/scripts/foo/Quality.py:661: UserWarning: set_ticklabels() should only be used with a fixed number of ticks, i.e. after set_ticks() or using a FixedLocator.
  ax4.set_xticklabels(self.x_ticks, rotation=90)
All done.
2024-10-24 21:57:18
