2024-10-25 15:57:30

Draw the metaplot.

Step1: Checking the input Arguments.

transcript  :  /mnt/t64/database/sce/ncbi/norm/sce.norm.txt
rpf         :  ../step05-merge/sce_rpf_merged.txt
output      :  sce
min         :  50
utr5        :  20
cds         :  50
utr3        :  20
normal      :  False
mode        :  bar

Step2: Import the RPFs file.

Import the RPFs file wt_ribo_YPD1.
/home/rensc/software/riboParser/scripts/foo/Metaplot.py:170: FutureWarning: The provided callable <built-in function sum> is currently using np.sum. In a future version of pandas, the provided callable will be used directly. To keep current behavior pass the string np.sum instead.
  self.tis_meta = tis_rpf.groupby("from_tis")[now_sp_index].apply(sum).div(len(self.high_gene)).reset_index()
/home/rensc/.conda/envs/ribo/lib/python3.12/site-packages/numpy/core/fromnumeric.py:86: FutureWarning: The behavior of DataFrame.sum with axis=None is deprecated, in a future version this will reduce over both axes and return a scalar. To retain the old behavior, pass axis=0 (or do not pass axis)
  return reduction(axis=axis, out=out, **passkwargs)
/home/rensc/software/riboParser/scripts/foo/Metaplot.py:171: FutureWarning: The provided callable <built-in function sum> is currently using np.sum. In a future version of pandas, the provided callable will be used directly. To keep current behavior pass the string np.sum instead.
  self.tts_meta = tts_rpf.groupby("from_tts")[now_sp_index].apply(sum).div(len(self.high_gene)).reset_index()
/home/rensc/.conda/envs/ribo/lib/python3.12/site-packages/numpy/core/fromnumeric.py:86: FutureWarning: The behavior of DataFrame.sum with axis=None is deprecated, in a future version this will reduce over both axes and return a scalar. To retain the old behavior, pass axis=0 (or do not pass axis)
  return reduction(axis=axis, out=out, **passkwargs)
Import the RPFs file wt_ribo_YPD2.
/home/rensc/software/riboParser/scripts/foo/Metaplot.py:170: FutureWarning: The provided callable <built-in function sum> is currently using np.sum. In a future version of pandas, the provided callable will be used directly. To keep current behavior pass the string np.sum instead.
  self.tis_meta = tis_rpf.groupby("from_tis")[now_sp_index].apply(sum).div(len(self.high_gene)).reset_index()
/home/rensc/.conda/envs/ribo/lib/python3.12/site-packages/numpy/core/fromnumeric.py:86: FutureWarning: The behavior of DataFrame.sum with axis=None is deprecated, in a future version this will reduce over both axes and return a scalar. To retain the old behavior, pass axis=0 (or do not pass axis)
  return reduction(axis=axis, out=out, **passkwargs)
/home/rensc/software/riboParser/scripts/foo/Metaplot.py:171: FutureWarning: The provided callable <built-in function sum> is currently using np.sum. In a future version of pandas, the provided callable will be used directly. To keep current behavior pass the string np.sum instead.
  self.tts_meta = tts_rpf.groupby("from_tts")[now_sp_index].apply(sum).div(len(self.high_gene)).reset_index()
/home/rensc/.conda/envs/ribo/lib/python3.12/site-packages/numpy/core/fromnumeric.py:86: FutureWarning: The behavior of DataFrame.sum with axis=None is deprecated, in a future version this will reduce over both axes and return a scalar. To retain the old behavior, pass axis=0 (or do not pass axis)
  return reduction(axis=axis, out=out, **passkwargs)
Import the RPFs file wt_ribo_YPD3.
/home/rensc/software/riboParser/scripts/foo/Metaplot.py:170: FutureWarning: The provided callable <built-in function sum> is currently using np.sum. In a future version of pandas, the provided callable will be used directly. To keep current behavior pass the string np.sum instead.
  self.tis_meta = tis_rpf.groupby("from_tis")[now_sp_index].apply(sum).div(len(self.high_gene)).reset_index()
/home/rensc/.conda/envs/ribo/lib/python3.12/site-packages/numpy/core/fromnumeric.py:86: FutureWarning: The behavior of DataFrame.sum with axis=None is deprecated, in a future version this will reduce over both axes and return a scalar. To retain the old behavior, pass axis=0 (or do not pass axis)
  return reduction(axis=axis, out=out, **passkwargs)
/home/rensc/software/riboParser/scripts/foo/Metaplot.py:171: FutureWarning: The provided callable <built-in function sum> is currently using np.sum. In a future version of pandas, the provided callable will be used directly. To keep current behavior pass the string np.sum instead.
  self.tts_meta = tts_rpf.groupby("from_tts")[now_sp_index].apply(sum).div(len(self.high_gene)).reset_index()
/home/rensc/.conda/envs/ribo/lib/python3.12/site-packages/numpy/core/fromnumeric.py:86: FutureWarning: The behavior of DataFrame.sum with axis=None is deprecated, in a future version this will reduce over both axes and return a scalar. To retain the old behavior, pass axis=0 (or do not pass axis)
  return reduction(axis=axis, out=out, **passkwargs)
Import the RPFs file ncs2d_ribo_YPD1.
/home/rensc/software/riboParser/scripts/foo/Metaplot.py:170: FutureWarning: The provided callable <built-in function sum> is currently using np.sum. In a future version of pandas, the provided callable will be used directly. To keep current behavior pass the string np.sum instead.
  self.tis_meta = tis_rpf.groupby("from_tis")[now_sp_index].apply(sum).div(len(self.high_gene)).reset_index()
/home/rensc/.conda/envs/ribo/lib/python3.12/site-packages/numpy/core/fromnumeric.py:86: FutureWarning: The behavior of DataFrame.sum with axis=None is deprecated, in a future version this will reduce over both axes and return a scalar. To retain the old behavior, pass axis=0 (or do not pass axis)
  return reduction(axis=axis, out=out, **passkwargs)
/home/rensc/software/riboParser/scripts/foo/Metaplot.py:171: FutureWarning: The provided callable <built-in function sum> is currently using np.sum. In a future version of pandas, the provided callable will be used directly. To keep current behavior pass the string np.sum instead.
  self.tts_meta = tts_rpf.groupby("from_tts")[now_sp_index].apply(sum).div(len(self.high_gene)).reset_index()
/home/rensc/.conda/envs/ribo/lib/python3.12/site-packages/numpy/core/fromnumeric.py:86: FutureWarning: The behavior of DataFrame.sum with axis=None is deprecated, in a future version this will reduce over both axes and return a scalar. To retain the old behavior, pass axis=0 (or do not pass axis)
  return reduction(axis=axis, out=out, **passkwargs)
Import the RPFs file ncs2d_ribo_YPD2.
/home/rensc/software/riboParser/scripts/foo/Metaplot.py:170: FutureWarning: The provided callable <built-in function sum> is currently using np.sum. In a future version of pandas, the provided callable will be used directly. To keep current behavior pass the string np.sum instead.
  self.tis_meta = tis_rpf.groupby("from_tis")[now_sp_index].apply(sum).div(len(self.high_gene)).reset_index()
/home/rensc/.conda/envs/ribo/lib/python3.12/site-packages/numpy/core/fromnumeric.py:86: FutureWarning: The behavior of DataFrame.sum with axis=None is deprecated, in a future version this will reduce over both axes and return a scalar. To retain the old behavior, pass axis=0 (or do not pass axis)
  return reduction(axis=axis, out=out, **passkwargs)
/home/rensc/software/riboParser/scripts/foo/Metaplot.py:171: FutureWarning: The provided callable <built-in function sum> is currently using np.sum. In a future version of pandas, the provided callable will be used directly. To keep current behavior pass the string np.sum instead.
  self.tts_meta = tts_rpf.groupby("from_tts")[now_sp_index].apply(sum).div(len(self.high_gene)).reset_index()
/home/rensc/.conda/envs/ribo/lib/python3.12/site-packages/numpy/core/fromnumeric.py:86: FutureWarning: The behavior of DataFrame.sum with axis=None is deprecated, in a future version this will reduce over both axes and return a scalar. To retain the old behavior, pass axis=0 (or do not pass axis)
  return reduction(axis=axis, out=out, **passkwargs)
Import the RPFs file ncs2d_ribo_YPD3.
/home/rensc/software/riboParser/scripts/foo/Metaplot.py:170: FutureWarning: The provided callable <built-in function sum> is currently using np.sum. In a future version of pandas, the provided callable will be used directly. To keep current behavior pass the string np.sum instead.
  self.tis_meta = tis_rpf.groupby("from_tis")[now_sp_index].apply(sum).div(len(self.high_gene)).reset_index()
/home/rensc/.conda/envs/ribo/lib/python3.12/site-packages/numpy/core/fromnumeric.py:86: FutureWarning: The behavior of DataFrame.sum with axis=None is deprecated, in a future version this will reduce over both axes and return a scalar. To retain the old behavior, pass axis=0 (or do not pass axis)
  return reduction(axis=axis, out=out, **passkwargs)
/home/rensc/software/riboParser/scripts/foo/Metaplot.py:171: FutureWarning: The provided callable <built-in function sum> is currently using np.sum. In a future version of pandas, the provided callable will be used directly. To keep current behavior pass the string np.sum instead.
  self.tts_meta = tts_rpf.groupby("from_tts")[now_sp_index].apply(sum).div(len(self.high_gene)).reset_index()
/home/rensc/.conda/envs/ribo/lib/python3.12/site-packages/numpy/core/fromnumeric.py:86: FutureWarning: The behavior of DataFrame.sum with axis=None is deprecated, in a future version this will reduce over both axes and return a scalar. To retain the old behavior, pass axis=0 (or do not pass axis)
  return reduction(axis=axis, out=out, **passkwargs)
Import the RPFs file elp6d_ribo_YPD1.
/home/rensc/software/riboParser/scripts/foo/Metaplot.py:170: FutureWarning: The provided callable <built-in function sum> is currently using np.sum. In a future version of pandas, the provided callable will be used directly. To keep current behavior pass the string np.sum instead.
  self.tis_meta = tis_rpf.groupby("from_tis")[now_sp_index].apply(sum).div(len(self.high_gene)).reset_index()
/home/rensc/.conda/envs/ribo/lib/python3.12/site-packages/numpy/core/fromnumeric.py:86: FutureWarning: The behavior of DataFrame.sum with axis=None is deprecated, in a future version this will reduce over both axes and return a scalar. To retain the old behavior, pass axis=0 (or do not pass axis)
  return reduction(axis=axis, out=out, **passkwargs)
/home/rensc/software/riboParser/scripts/foo/Metaplot.py:171: FutureWarning: The provided callable <built-in function sum> is currently using np.sum. In a future version of pandas, the provided callable will be used directly. To keep current behavior pass the string np.sum instead.
  self.tts_meta = tts_rpf.groupby("from_tts")[now_sp_index].apply(sum).div(len(self.high_gene)).reset_index()
/home/rensc/.conda/envs/ribo/lib/python3.12/site-packages/numpy/core/fromnumeric.py:86: FutureWarning: The behavior of DataFrame.sum with axis=None is deprecated, in a future version this will reduce over both axes and return a scalar. To retain the old behavior, pass axis=0 (or do not pass axis)
  return reduction(axis=axis, out=out, **passkwargs)
Import the RPFs file elp6d_ribo_YPD2.
/home/rensc/software/riboParser/scripts/foo/Metaplot.py:170: FutureWarning: The provided callable <built-in function sum> is currently using np.sum. In a future version of pandas, the provided callable will be used directly. To keep current behavior pass the string np.sum instead.
  self.tis_meta = tis_rpf.groupby("from_tis")[now_sp_index].apply(sum).div(len(self.high_gene)).reset_index()
/home/rensc/.conda/envs/ribo/lib/python3.12/site-packages/numpy/core/fromnumeric.py:86: FutureWarning: The behavior of DataFrame.sum with axis=None is deprecated, in a future version this will reduce over both axes and return a scalar. To retain the old behavior, pass axis=0 (or do not pass axis)
  return reduction(axis=axis, out=out, **passkwargs)
/home/rensc/software/riboParser/scripts/foo/Metaplot.py:171: FutureWarning: The provided callable <built-in function sum> is currently using np.sum. In a future version of pandas, the provided callable will be used directly. To keep current behavior pass the string np.sum instead.
  self.tts_meta = tts_rpf.groupby("from_tts")[now_sp_index].apply(sum).div(len(self.high_gene)).reset_index()
/home/rensc/.conda/envs/ribo/lib/python3.12/site-packages/numpy/core/fromnumeric.py:86: FutureWarning: The behavior of DataFrame.sum with axis=None is deprecated, in a future version this will reduce over both axes and return a scalar. To retain the old behavior, pass axis=0 (or do not pass axis)
  return reduction(axis=axis, out=out, **passkwargs)
Import the RPFs file elp6d_ribo_YPD3.
/home/rensc/software/riboParser/scripts/foo/Metaplot.py:170: FutureWarning: The provided callable <built-in function sum> is currently using np.sum. In a future version of pandas, the provided callable will be used directly. To keep current behavior pass the string np.sum instead.
  self.tis_meta = tis_rpf.groupby("from_tis")[now_sp_index].apply(sum).div(len(self.high_gene)).reset_index()
/home/rensc/.conda/envs/ribo/lib/python3.12/site-packages/numpy/core/fromnumeric.py:86: FutureWarning: The behavior of DataFrame.sum with axis=None is deprecated, in a future version this will reduce over both axes and return a scalar. To retain the old behavior, pass axis=0 (or do not pass axis)
  return reduction(axis=axis, out=out, **passkwargs)
/home/rensc/software/riboParser/scripts/foo/Metaplot.py:171: FutureWarning: The provided callable <built-in function sum> is currently using np.sum. In a future version of pandas, the provided callable will be used directly. To keep current behavior pass the string np.sum instead.
  self.tts_meta = tts_rpf.groupby("from_tts")[now_sp_index].apply(sum).div(len(self.high_gene)).reset_index()
/home/rensc/.conda/envs/ribo/lib/python3.12/site-packages/numpy/core/fromnumeric.py:86: FutureWarning: The behavior of DataFrame.sum with axis=None is deprecated, in a future version this will reduce over both axes and return a scalar. To retain the old behavior, pass axis=0 (or do not pass axis)
  return reduction(axis=axis, out=out, **passkwargs)
Import the RPFs file ncs2d_elp6d_ribo_YPD1.
/home/rensc/software/riboParser/scripts/foo/Metaplot.py:170: FutureWarning: The provided callable <built-in function sum> is currently using np.sum. In a future version of pandas, the provided callable will be used directly. To keep current behavior pass the string np.sum instead.
  self.tis_meta = tis_rpf.groupby("from_tis")[now_sp_index].apply(sum).div(len(self.high_gene)).reset_index()
/home/rensc/.conda/envs/ribo/lib/python3.12/site-packages/numpy/core/fromnumeric.py:86: FutureWarning: The behavior of DataFrame.sum with axis=None is deprecated, in a future version this will reduce over both axes and return a scalar. To retain the old behavior, pass axis=0 (or do not pass axis)
  return reduction(axis=axis, out=out, **passkwargs)
/home/rensc/software/riboParser/scripts/foo/Metaplot.py:171: FutureWarning: The provided callable <built-in function sum> is currently using np.sum. In a future version of pandas, the provided callable will be used directly. To keep current behavior pass the string np.sum instead.
  self.tts_meta = tts_rpf.groupby("from_tts")[now_sp_index].apply(sum).div(len(self.high_gene)).reset_index()
/home/rensc/.conda/envs/ribo/lib/python3.12/site-packages/numpy/core/fromnumeric.py:86: FutureWarning: The behavior of DataFrame.sum with axis=None is deprecated, in a future version this will reduce over both axes and return a scalar. To retain the old behavior, pass axis=0 (or do not pass axis)
  return reduction(axis=axis, out=out, **passkwargs)
Import the RPFs file ncs2d_elp6d_ribo_YPD2.
/home/rensc/software/riboParser/scripts/foo/Metaplot.py:170: FutureWarning: The provided callable <built-in function sum> is currently using np.sum. In a future version of pandas, the provided callable will be used directly. To keep current behavior pass the string np.sum instead.
  self.tis_meta = tis_rpf.groupby("from_tis")[now_sp_index].apply(sum).div(len(self.high_gene)).reset_index()
/home/rensc/.conda/envs/ribo/lib/python3.12/site-packages/numpy/core/fromnumeric.py:86: FutureWarning: The behavior of DataFrame.sum with axis=None is deprecated, in a future version this will reduce over both axes and return a scalar. To retain the old behavior, pass axis=0 (or do not pass axis)
  return reduction(axis=axis, out=out, **passkwargs)
/home/rensc/software/riboParser/scripts/foo/Metaplot.py:171: FutureWarning: The provided callable <built-in function sum> is currently using np.sum. In a future version of pandas, the provided callable will be used directly. To keep current behavior pass the string np.sum instead.
  self.tts_meta = tts_rpf.groupby("from_tts")[now_sp_index].apply(sum).div(len(self.high_gene)).reset_index()
/home/rensc/.conda/envs/ribo/lib/python3.12/site-packages/numpy/core/fromnumeric.py:86: FutureWarning: The behavior of DataFrame.sum with axis=None is deprecated, in a future version this will reduce over both axes and return a scalar. To retain the old behavior, pass axis=0 (or do not pass axis)
  return reduction(axis=axis, out=out, **passkwargs)
Import the RPFs file ncs2d_elp6d_ribo_YPD3.
/home/rensc/software/riboParser/scripts/foo/Metaplot.py:170: FutureWarning: The provided callable <built-in function sum> is currently using np.sum. In a future version of pandas, the provided callable will be used directly. To keep current behavior pass the string np.sum instead.
  self.tis_meta = tis_rpf.groupby("from_tis")[now_sp_index].apply(sum).div(len(self.high_gene)).reset_index()
/home/rensc/.conda/envs/ribo/lib/python3.12/site-packages/numpy/core/fromnumeric.py:86: FutureWarning: The behavior of DataFrame.sum with axis=None is deprecated, in a future version this will reduce over both axes and return a scalar. To retain the old behavior, pass axis=0 (or do not pass axis)
  return reduction(axis=axis, out=out, **passkwargs)
/home/rensc/software/riboParser/scripts/foo/Metaplot.py:171: FutureWarning: The provided callable <built-in function sum> is currently using np.sum. In a future version of pandas, the provided callable will be used directly. To keep current behavior pass the string np.sum instead.
  self.tts_meta = tts_rpf.groupby("from_tts")[now_sp_index].apply(sum).div(len(self.high_gene)).reset_index()
/home/rensc/.conda/envs/ribo/lib/python3.12/site-packages/numpy/core/fromnumeric.py:86: FutureWarning: The behavior of DataFrame.sum with axis=None is deprecated, in a future version this will reduce over both axes and return a scalar. To retain the old behavior, pass axis=0 (or do not pass axis)
  return reduction(axis=axis, out=out, **passkwargs)

Step3: Draw the metaplot.


All done.

2024-10-25 15:58:28
